
{"message":"Listening to server on port 3001","level":"info","service":"user-service","timestamp":"15-04-2020 09:03:56"}
{"message":"We've reached the database","level":"info","service":"user-service","timestamp":"15-04-2020 09:03:57"}
{"message":"We're on the routers page","level":"info","service":"user-service","timestamp":"15-04-2020 09:04:21"}
{"message":"Wrong format for creating a vinyl ValidationError: genre: Please enter the genre category of the vinyl","level":"error","service":"user-service","timestamp":"15-04-2020 09:04:21"}
{"message":"Listening to server on port 3001","level":"info","service":"user-service","timestamp":"22-04-2020 08:09:52"}
{"message":"The error is MongooseServerSelectionError: connect ECONNREFUSED 127.0.0.1:27015","level":"error","service":"user-service","timestamp":"22-04-2020 08:10:22"}
{"message":"Listening to server on port undefined","level":"info","service":"user-service","timestamp":"22-04-2020 08:14:55"}
{"message":"We've reached the database","level":"info","service":"user-service","timestamp":"22-04-2020 08:14:55"}
{"message":"Listening to server on port 3001","level":"info","service":"user-service","timestamp":"22-04-2020 08:17:29"}
{"message":"We've reached the database","level":"info","service":"user-service","timestamp":"22-04-2020 08:17:29"}
{"message":"We're on the routers page","level":"info","service":"user-service","timestamp":"22-04-2020 08:17:37"}
{"message":"Wrong format for creating a vinyl ValidationError: genre: Please enter the genre category of the vinyl","level":"error","service":"user-service","timestamp":"22-04-2020 08:17:37"}
{"message":"We're on the routers page","level":"info","service":"user-service","timestamp":"22-04-2020 08:17:42"}
{"message":"Listening to server on port 3001","level":"info","service":"user-service","timestamp":"22-04-2020 08:18:32"}
{"message":"We've reached the database","level":"info","service":"user-service","timestamp":"22-04-2020 08:18:32"}
{"message":"Listening to server on port 3001","level":"info","service":"user-service","timestamp":"22-04-2020 08:19:14"}
{"message":"We've reached the database","level":"info","service":"user-service","timestamp":"22-04-2020 08:19:14"}
{"message":"Listening to server on port 3001","level":"info","service":"user-service","timestamp":"22-04-2020 08:19:29"}
{"message":"We've reached the database","level":"info","service":"user-service","timestamp":"22-04-2020 08:19:29"}
{"message":"We're on the routers page","level":"info","service":"user-service","timestamp":"22-04-2020 08:19:36"}
{"message":"We're on the routers page","level":"info","service":"user-service","timestamp":"22-04-2020 08:19:48"}
{"message":"We're on the routers page","level":"info","service":"user-service","timestamp":"22-04-2020 08:20:03"}
{"message":"We're on the routers page","level":"info","service":"user-service","timestamp":"22-04-2020 08:20:07"}
{"message":"We're on the routers page","level":"info","service":"user-service","timestamp":"22-04-2020 08:20:16"}
{"message":"We're on the routers page","level":"info","service":"user-service","timestamp":"22-04-2020 08:20:24"}
{"message":"Wrong format for creating a vinyl ValidationError: genre: Please enter the genre category of the vinyl","level":"error","service":"user-service","timestamp":"22-04-2020 08:20:24"}
{"message":"We're on the routers page","level":"info","service":"user-service","timestamp":"22-04-2020 08:20:54"}
{"message":"We're on the routers page","level":"info","service":"user-service","timestamp":"22-04-2020 08:21:12"}
{"message":"We're on the routers page","level":"info","service":"user-service","timestamp":"22-04-2020 08:21:29"}
{"message":"We're on the routers page","level":"info","service":"user-service","timestamp":"22-04-2020 08:21:59"}
{"message":"We're on the routers page","level":"info","service":"user-service","timestamp":"22-04-2020 08:22:06"}
{"message":"We're on the routers page","level":"info","service":"user-service","timestamp":"22-04-2020 08:22:56"}
{"message":"We're on the routers page","level":"info","service":"user-service","timestamp":"22-04-2020 08:23:19"}
{"message":"We're on the routers page","level":"info","service":"user-service","timestamp":"22-04-2020 08:23:39"}
{"message":"We're on the routers page","level":"info","service":"user-service","timestamp":"22-04-2020 08:27:14"}
{"message":"We're on the routers page","level":"info","service":"user-service","timestamp":"22-04-2020 08:28:59"}
{"message":"We're on the routers page","level":"info","service":"user-service","timestamp":"22-04-2020 08:32:35"}
{"message":"We're on the routers page","level":"info","service":"user-service","timestamp":"22-04-2020 08:32:45"}
{"message":"We're on the routers page","level":"info","service":"user-service","timestamp":"22-04-2020 08:32:53"}
{"message":"Listening to server on port 3001","level":"info","service":"user-service","timestamp":"23-04-2020 08:16:09"}
{"message":"We've reached the database","level":"info","service":"user-service","timestamp":"23-04-2020 08:16:09"}
{"message":"Listening to server on port 3003","level":"info","service":"user-service","timestamp":"23-04-2020 08:21:35"}
{"message":"We've reached the database","level":"info","service":"user-service","timestamp":"23-04-2020 08:21:35"}
{"message":"We're on the routers page","level":"info","service":"user-service","timestamp":"23-04-2020 08:21:40"}
{"message":"Listening to server on port 3001","level":"info","service":"user-service","timestamp":"23-04-2020 08:38:14"}
{"message":"We've reached the database","level":"info","service":"user-service","timestamp":"23-04-2020 08:38:14"}
{"message":"Listening to server on port 3001","level":"info","service":"user-service","timestamp":"23-04-2020 08:39:54"}
{"message":"We've reached the database","level":"info","service":"user-service","timestamp":"23-04-2020 08:39:54"}
{"message":"We're on the routers page","level":"info","service":"user-service","timestamp":"23-04-2020 08:39:58"}
{"message":"We're on the routers page","level":"info","service":"user-service","timestamp":"23-04-2020 08:40:02"}
{"message":"Listening to server on port 3001","level":"info","service":"user-service","timestamp":"23-04-2020 08:40:38"}
{"message":"We've reached the database","level":"info","service":"user-service","timestamp":"23-04-2020 08:40:38"}
{"message":"We're on the routers page","level":"info","service":"user-service","timestamp":"23-04-2020 08:40:44"}
{"message":"We're on the routers page","level":"info","service":"user-service","timestamp":"23-04-2020 08:40:48"}
{"message":"We're on the routers page","level":"info","service":"user-service","timestamp":"23-04-2020 08:41:29"}
{"message":"We're on the routers page","level":"info","service":"user-service","timestamp":"23-04-2020 08:41:52"}
{"message":"Listening to server on port 3001","level":"info","service":"user-service","timestamp":"23-04-2020 08:42:30"}
{"message":"We've reached the database","level":"info","service":"user-service","timestamp":"23-04-2020 08:42:30"}
{"message":"We're on the routers page","level":"info","service":"user-service","timestamp":"23-04-2020 08:42:34"}
{"message":"Listening to server on port 3001","level":"info","service":"user-service","timestamp":"23-04-2020 08:42:40"}
{"message":"We've reached the database","level":"info","service":"user-service","timestamp":"23-04-2020 08:42:40"}
{"message":"We're on the routers page","level":"info","service":"user-service","timestamp":"23-04-2020 08:55:49"}
{"message":"We're on the routers page","level":"info","service":"user-service","timestamp":"23-04-2020 08:58:02"}
{"message":"We're on the routers page","level":"info","service":"user-service","timestamp":"23-04-2020 08:58:02"}
{"message":"We're on the routers page","level":"info","service":"user-service","timestamp":"23-04-2020 08:58:36"}
{"message":"We're on the routers page","level":"info","service":"user-service","timestamp":"23-04-2020 09:06:08"}
{"message":"We're on the routers page","level":"info","service":"user-service","timestamp":"23-04-2020 09:07:33"}
{"message":"We're on the routers page","level":"info","service":"user-service","timestamp":"23-04-2020 09:07:38"}
{"message":"We're on the routers page","level":"info","service":"user-service","timestamp":"23-04-2020 09:07:43"}
{"message":"We're on the routers page","level":"info","service":"user-service","timestamp":"23-04-2020 09:08:01"}
{"message":"We're on the routers page","level":"info","service":"user-service","timestamp":"23-04-2020 09:11:16"}
{"message":"We're on the routers page","level":"info","service":"user-service","timestamp":"23-04-2020 09:15:11"}
{"message":"We're on the routers page","level":"info","service":"user-service","timestamp":"23-04-2020 09:16:51"}
{"message":"We're on the routers page","level":"info","service":"user-service","timestamp":"23-04-2020 09:17:04"}
{"message":"We're on the routers page","level":"info","service":"user-service","timestamp":"23-04-2020 09:17:24"}
{"message":"We're on the routers page","level":"info","service":"user-service","timestamp":"23-04-2020 09:18:26"}
{"message":"We're on the routers page","level":"info","service":"user-service","timestamp":"23-04-2020 09:20:47"}
{"message":"We're on the routers page","level":"info","service":"user-service","timestamp":"23-04-2020 09:21:37"}
{"message":"We're on the routers page","level":"info","service":"user-service","timestamp":"23-04-2020 09:23:03"}
{"message":"We're on the routers page","level":"info","service":"user-service","timestamp":"23-04-2020 09:23:19"}
{"message":"We're on the routers page","level":"info","service":"user-service","timestamp":"23-04-2020 09:24:18"}
{"message":"We're on the routers page","level":"info","service":"user-service","timestamp":"23-04-2020 09:24:44"}
{"message":"Listening to server on port 3001","level":"info","service":"user-service","timestamp":"24-04-2020 12:41:52"}
{"message":"We've reached the database","level":"info","service":"user-service","timestamp":"24-04-2020 12:41:53"}
{"message":"We're on the routers page","level":"info","service":"user-service","timestamp":"24-04-2020 12:42:06"}
{"message":"We're on the routers page","level":"info","service":"user-service","timestamp":"24-04-2020 12:42:21"}
{"message":"Vinyl { _id: 5e9309102dff0ce7e5f641fc,\n  name: '',\n  artist: '',\n  year: 1989,\n  genre: '',\n  __v: 0 } found and deleted successfully","level":"info","service":"user-service","timestamp":"24-04-2020 12:42:21"}
